<?xml version="1.0" encoding="UTF-8"?>
<!DOCTYPE mapper PUBLIC "-//mybatis.org//DTD Mapper 3.0//EN"
	"http://mybatis.org/dtd/mybatis-3-mapper.dtd">
	
<mapper namespace="kr.co.mlec.Account.AccountDAO">	
	<select id="select" resultType="account">
		SELECT 
			username, 
			password,
			date_format(created_date, '%Y-%M-%D') as createdDate,
			is_deleted as isDeleted
		FROM
			test_db.account
	</select>
</mapper>